#
# There is insufficient memory for the Java Runtime Environment to continue.
# Native memory allocation (malloc) failed to allocate 1012896 bytes for Chunk::new
# Possible reasons:
#   The system is out of physical RAM or swap space
#   The process is running with CompressedOops enabled, and the Java Heap may be blocking the growth of the native heap
# Possible solutions:
#   Reduce memory load on the system
#   Increase physical memory or swap space
#   Check if swap backing store is full
#   Decrease Java heap size (-Xmx/-Xms)
#   Decrease number of Java threads
#   Decrease Java thread stack sizes (-Xss)
#   Set larger code cache with -XX:ReservedCodeCacheSize=
#   JVM is running with Unscaled Compressed Oops mode in which the Java heap is
#     placed in the first 4GB address space. The Java Heap base address is the
#     maximum limit for the native heap growth. Please use -XX:HeapBaseMinAddress
#     to set the Java Heap base and to place the Java Heap above 4GB virtual address.
# This output file may be truncated or incomplete.
#
#  Out of Memory Error (allocation.cpp:389), pid=220568, tid=0x0000000000035778
#
# JRE version: OpenJDK Runtime Environment (8.0_212-b04) (build 1.8.0_212-release-1586-b04)
# Java VM: OpenJDK 64-Bit Server VM (25.212-b04 mixed mode windows-amd64 compressed oops)
# Failed to write core dump. Minidumps are not enabled by default on client versions of Windows
#

---------------  T H R E A D  ---------------

Current thread (0x00000000160ce800):  JavaThread "C2 CompilerThread0" daemon [_thread_in_native, id=219000, stack(0x0000000017a20000,0x0000000017b20000)]

Stack: [0x0000000017a20000,0x0000000017b20000]
[error occurred during error reporting (printing stack bounds), id 0xc0000005]

Native frames: (J=compiled Java code, j=interpreted, Vv=VM code, C=native code)


Current CompileTask:
C2:  11601 4189   !   4       com.sun.beans.TypeResolver::resolve (274 bytes)


---------------  P R O C E S S  ---------------

Java Threads: ( => current thread )
  0x000000001ba7e000 JavaThread "Memory manager" [_thread_blocked, id=218004, stack(0x0000000020790000,0x0000000020890000)]
  0x000000001ba77800 JavaThread "build operations Thread 4" [_thread_blocked, id=216120, stack(0x0000000020e20000,0x0000000020f20000)]
  0x000000001ba7c000 JavaThread "build operations Thread 3" [_thread_blocked, id=221540, stack(0x0000000020d20000,0x0000000020e20000)]
  0x000000001ba7a800 JavaThread "build operations Thread 2" [_thread_blocked, id=210836, stack(0x0000000020c20000,0x0000000020d20000)]
  0x000000001ba7b000 JavaThread "build operations" [_thread_blocked, id=220080, stack(0x0000000020b20000,0x0000000020c20000)]
  0x000000001ba7c800 JavaThread "Cache worker for Artifact transforms cache (C:\Users\Administrator\.gradle\caches\transforms-1)" [_thread_blocked, id=213856, stack(0x000000001da10000,0x000000001db10000)]
  0x000000001ab02800 JavaThread "Cache worker for file hash cache (D:\android-project\UpgradeBadge\.gradle\4.4\fileHashes)" [_thread_blocked, id=220708, stack(0x000000001b770000,0x000000001b870000)]
  0x0000000017781000 JavaThread "File lock request listener" [_thread_in_native, id=220772, stack(0x000000001a6a0000,0x000000001a7a0000)]
  0x00000000184a9800 JavaThread "Cache worker for file hash cache (C:\Users\Administrator\.gradle\caches\4.4\fileHashes)" [_thread_blocked, id=203100, stack(0x000000001a5a0000,0x000000001a6a0000)]
  0x00000000184a8800 JavaThread "Stdin handler" [_thread_blocked, id=220908, stack(0x000000001a2a0000,0x000000001a3a0000)]
  0x000000001836b800 JavaThread "Asynchronous log dispatcher for DefaultDaemonConnection: socket connection from /127.0.0.1:64708 to /127.0.0.1:64709" [_thread_blocked, id=217932, stack(0x000000001a1a0000,0x000000001a2a0000)]
  0x000000001836b000 JavaThread "Daemon worker" [_thread_in_Java, id=220820, stack(0x000000001a0a0000,0x000000001a1a0000)]
  0x00000000183df800 JavaThread "Cancel handler" [_thread_blocked, id=219128, stack(0x0000000019fa0000,0x000000001a0a0000)]
  0x00000000183c8800 JavaThread "Handler for socket connection from /127.0.0.1:64708 to /127.0.0.1:64709" [_thread_in_native, id=220540, stack(0x0000000019ca0000,0x0000000019da0000)]
  0x0000000018488800 JavaThread "Daemon" [_thread_blocked, id=220008, stack(0x0000000019ba0000,0x0000000019ca0000)]
  0x000000001760d800 JavaThread "Daemon periodic checks" [_thread_blocked, id=220612, stack(0x0000000019aa0000,0x0000000019ba0000)]
  0x000000001779c000 JavaThread "Incoming local TCP Connector on port 64708" [_thread_in_native, id=219488, stack(0x00000000198f0000,0x00000000199f0000)]
  0x00000000174a3000 JavaThread "Service Thread" daemon [_thread_blocked, id=218572, stack(0x0000000017d20000,0x0000000017e20000)]
  0x0000000017474800 JavaThread "C1 CompilerThread2" daemon [_thread_blocked, id=220028, stack(0x0000000017c20000,0x0000000017d20000)]
  0x000000001742b000 JavaThread "C2 CompilerThread1" daemon [_thread_in_native, id=141236, stack(0x0000000017b20000,0x0000000017c20000)]
=>0x00000000160ce800 JavaThread "C2 CompilerThread0" daemon [_thread_in_native, id=219000, stack(0x0000000017a20000,0x0000000017b20000)]
  0x0000000016119000 JavaThread "Attach Listener" daemon [_thread_blocked, id=218972, stack(0x0000000017920000,0x0000000017a20000)]
  0x0000000017428800 JavaThread "Signal Dispatcher" daemon [_thread_blocked, id=218420, stack(0x0000000017820000,0x0000000017920000)]
  0x000000000274b000 JavaThread "Finalizer" daemon [_thread_blocked, id=221772, stack(0x0000000017320000,0x0000000017420000)]
  0x00000000160a9000 JavaThread "Reference Handler" daemon [_thread_blocked, id=215180, stack(0x0000000017220000,0x0000000017320000)]
  0x00000000020be800 JavaThread "main" [_thread_blocked, id=4408, stack(0x0000000002550000,0x0000000002650000)]

Other Threads:
  0x0000000016087000 VMThread [stack: 0x0000000017120000,0x0000000017220000] [id=203920]
  0x00000000174a4800 WatcherThread [stack: 0x0000000017e20000,0x0000000017f20000] [id=11652]

VM state:not at safepoint (normal execution)

VM Mutex/Monitor currently owned by a thread: None

heap address: 0x00000000a0000000, size: 1536 MB, Compressed Oops mode: 32-bit
Narrow klass base: 0x0000000000000000, Narrow klass shift: 3
Compressed class space size: 1073741824 Address: 0x0000000100000000

Heap:
 PSYoungGen      total 137216K, used 113435K [0x00000000e0000000, 0x00000000eeb80000, 0x0000000100000000)
  eden space 126464K, 89% used [0x00000000e0000000,0x00000000e6ec6d98,0x00000000e7b80000)
  from space 10752K, 0% used [0x00000000e7b80000,0x00000000e7b80000,0x00000000e8600000)
  to   space 15360K, 0% used [0x00000000edc80000,0x00000000edc80000,0x00000000eeb80000)
 ParOldGen       total 140288K, used 21396K [0x00000000a0000000, 0x00000000a8900000, 0x00000000e0000000)
  object space 140288K, 15% used [0x00000000a0000000,0x00000000a14e50a8,0x00000000a8900000)
 Metaspace       used 41587K, capacity 42528K, committed 42624K, reserved 1085440K
  class space    used 5656K, capacity 5948K, committed 6016K, reserved 1048576K

Card table byte_map: [0x0000000011b10000,0x0000000011e20000] byte_map_base: 0x0000000011610000

Marking Bits: (ParMarkBitMap*) 0x0000000066459f30
 Begin Bits: [0x0000000012420000, 0x0000000013c20000)
 End Bits:   [0x0000000013c20000, 0x0000000015420000)

Polling page: 0x0000000000740000

CodeCache: size=245760Kb used=14221Kb max_used=14221Kb free=231538Kb
 bounds [0x0000000002750000, 0x0000000003550000, 0x0000000011750000]
 total_blobs=4601 nmethods=3884 adapters=629
 compilation: enabled

Compilation events (10 events):
Event: 11.508 Thread 0x0000000017474800 nmethod 4205 0x0000000003529210 code [0x00000000035293e0, 0x0000000003529b68]
Event: 11.508 Thread 0x0000000017474800 4206   !   3       java.beans.PropertyDescriptor::updateGenericsFor (37 bytes)
Event: 11.508 Thread 0x0000000017474800 nmethod 4206 0x0000000003538290 code [0x0000000003538500, 0x0000000003539678]
Event: 11.510 Thread 0x0000000017474800 4207       3       java.util.LinkedList$ListItr::set (28 bytes)
Event: 11.510 Thread 0x0000000017474800 nmethod 4207 0x0000000003528a10 code [0x0000000003528ba0, 0x0000000003528ff8]
Event: 11.594 Thread 0x0000000017474800 4208       3       com.google.common.base.Equivalence$Equals::doEquivalent (6 bytes)
Event: 11.594 Thread 0x0000000017474800 nmethod 4208 0x000000000351a810 code [0x000000000351a980, 0x000000000351aba8]
Event: 11.598 Thread 0x0000000017474800 4210   !   3       org.codehaus.groovy.reflection.CachedClass::makeAccessible (92 bytes)
Event: 11.599 Thread 0x0000000017474800 nmethod 4210 0x0000000003539f10 code [0x000000000353a160, 0x000000000353ae48]
Event: 11.599 Thread 0x0000000017474800 4211       3       groovy.lang.MetaClassImpl::applyStrayPropertyMethods (293 bytes)

GC Heap History (10 events):
Event: 7.988 GC heap before
{Heap before GC invocations=3 (full 0):
 PSYoungGen      total 75776K, used 37500K [0x00000000e0000000, 0x00000000e9400000, 0x0000000100000000)
  eden space 65024K, 41% used [0x00000000e0000000,0x00000000e1a269d8,0x00000000e3f80000)
  from space 10752K, 99% used [0x00000000e4a00000,0x00000000e54789d8,0x00000000e5480000)
  to   space 10752K, 0% used [0x00000000e3f80000,0x00000000e3f80000,0x00000000e4a00000)
 ParOldGen       total 173568K, used 44K [0x00000000a0000000, 0x00000000aa980000, 0x00000000e0000000)
  object space 173568K, 0% used [0x00000000a0000000,0x00000000a000b110,0x00000000aa980000)
 Metaspace       used 20741K, capacity 21140K, committed 21248K, reserved 1067008K
  class space    used 2882K, capacity 3015K, committed 3072K, reserved 1048576K
Event: 7.998 GC heap after
Heap after GC invocations=3 (full 0):
 PSYoungGen      total 75776K, used 9177K [0x00000000e0000000, 0x00000000e9400000, 0x0000000100000000)
  eden space 65024K, 0% used [0x00000000e0000000,0x00000000e0000000,0x00000000e3f80000)
  from space 10752K, 85% used [0x00000000e3f80000,0x00000000e4876600,0x00000000e4a00000)
  to   space 10752K, 0% used [0x00000000e8980000,0x00000000e8980000,0x00000000e9400000)
 ParOldGen       total 173568K, used 52K [0x00000000a0000000, 0x00000000aa980000, 0x00000000e0000000)
  object space 173568K, 0% used [0x00000000a0000000,0x00000000a000d110,0x00000000aa980000)
 Metaspace       used 20741K, capacity 21140K, committed 21248K, reserved 1067008K
  class space    used 2882K, capacity 3015K, committed 3072K, reserved 1048576K
}
Event: 7.998 GC heap before
{Heap before GC invocations=4 (full 1):
 PSYoungGen      total 75776K, used 9177K [0x00000000e0000000, 0x00000000e9400000, 0x0000000100000000)
  eden space 65024K, 0% used [0x00000000e0000000,0x00000000e0000000,0x00000000e3f80000)
  from space 10752K, 85% used [0x00000000e3f80000,0x00000000e4876600,0x00000000e4a00000)
  to   space 10752K, 0% used [0x00000000e8980000,0x00000000e8980000,0x00000000e9400000)
 ParOldGen       total 173568K, used 52K [0x00000000a0000000, 0x00000000aa980000, 0x00000000e0000000)
  object space 173568K, 0% used [0x00000000a0000000,0x00000000a000d110,0x00000000aa980000)
 Metaspace       used 20741K, capacity 21140K, committed 21248K, reserved 1067008K
  class space    used 2882K, capacity 3015K, committed 3072K, reserved 1048576K
Event: 8.032 GC heap after
Heap after GC invocations=4 (full 1):
 PSYoungGen      total 75776K, used 0K [0x00000000e0000000, 0x00000000e9400000, 0x0000000100000000)
  eden space 65024K, 0% used [0x00000000e0000000,0x00000000e0000000,0x00000000e3f80000)
  from space 10752K, 0% used [0x00000000e3f80000,0x00000000e3f80000,0x00000000e4a00000)
  to   space 10752K, 0% used [0x00000000e8980000,0x00000000e8980000,0x00000000e9400000)
 ParOldGen       total 87040K, used 9036K [0x00000000a0000000, 0x00000000a5500000, 0x00000000e0000000)
  object space 87040K, 10% used [0x00000000a0000000,0x00000000a08d32a0,0x00000000a5500000)
 Metaspace       used 20741K, capacity 21140K, committed 21248K, reserved 1067008K
  class space    used 2882K, capacity 3015K, committed 3072K, reserved 1048576K
}
Event: 8.710 GC heap before
{Heap before GC invocations=5 (full 1):
 PSYoungGen      total 75776K, used 65024K [0x00000000e0000000, 0x00000000e9400000, 0x0000000100000000)
  eden space 65024K, 100% used [0x00000000e0000000,0x00000000e3f80000,0x00000000e3f80000)
  from space 10752K, 0% used [0x00000000e3f80000,0x00000000e3f80000,0x00000000e4a00000)
  to   space 10752K, 0% used [0x00000000e8980000,0x00000000e8980000,0x00000000e9400000)
 ParOldGen       total 87040K, used 9036K [0x00000000a0000000, 0x00000000a5500000, 0x00000000e0000000)
  object space 87040K, 10% used [0x00000000a0000000,0x00000000a08d32a0,0x00000000a5500000)
 Metaspace       used 26155K, capacity 26666K, committed 26880K, reserved 1073152K
  class space    used 3620K, capacity 3766K, committed 3840K, reserved 1048576K
Event: 8.720 GC heap after
Heap after GC invocations=5 (full 1):
 PSYoungGen      total 124928K, used 6680K [0x00000000e0000000, 0x00000000e9080000, 0x0000000100000000)
  eden space 117760K, 0% used [0x00000000e0000000,0x00000000e0000000,0x00000000e7300000)
  from space 7168K, 93% used [0x00000000e8980000,0x00000000e90063d8,0x00000000e9080000)
  to   space 10752K, 0% used [0x00000000e7b80000,0x00000000e7b80000,0x00000000e8600000)
 ParOldGen       total 87040K, used 9036K [0x00000000a0000000, 0x00000000a5500000, 0x00000000e0000000)
  object space 87040K, 10% used [0x00000000a0000000,0x00000000a08d32a0,0x00000000a5500000)
 Metaspace       used 26155K, capacity 26666K, committed 26880K, reserved 1073152K
  class space    used 3620K, capacity 3766K, committed 3840K, reserved 1048576K
}
Event: 10.272 GC heap before
{Heap before GC invocations=6 (full 1):
 PSYoungGen      total 124928K, used 112291K [0x00000000e0000000, 0x00000000e9080000, 0x0000000100000000)
  eden space 117760K, 89% used [0x00000000e0000000,0x00000000e6722bf8,0x00000000e7300000)
  from space 7168K, 93% used [0x00000000e8980000,0x00000000e90063d8,0x00000000e9080000)
  to   space 10752K, 0% used [0x00000000e7b80000,0x00000000e7b80000,0x00000000e8600000)
 ParOldGen       total 87040K, used 9036K [0x00000000a0000000, 0x00000000a5500000, 0x00000000e0000000)
  object space 87040K, 10% used [0x00000000a0000000,0x00000000a08d32a0,0x00000000a5500000)
 Metaspace       used 34534K, capacity 35274K, committed 35416K, reserved 1079296K
  class space    used 4789K, capacity 5012K, committed 5120K, reserved 1048576K
Event: 10.288 GC heap after
Heap after GC invocations=6 (full 1):
 PSYoungGen      total 137216K, used 10746K [0x00000000e0000000, 0x00000000eeb80000, 0x0000000100000000)
  eden space 126464K, 0% used [0x00000000e0000000,0x00000000e0000000,0x00000000e7b80000)
  from space 10752K, 99% used [0x00000000e7b80000,0x00000000e85fe9b8,0x00000000e8600000)
  to   space 15360K, 0% used [0x00000000edc80000,0x00000000edc80000,0x00000000eeb80000)
 ParOldGen       total 87040K, used 13098K [0x00000000a0000000, 0x00000000a5500000, 0x00000000e0000000)
  object space 87040K, 15% used [0x00000000a0000000,0x00000000a0cca990,0x00000000a5500000)
 Metaspace       used 34534K, capacity 35274K, committed 35416K, reserved 1079296K
  class space    used 4789K, capacity 5012K, committed 5120K, reserved 1048576K
}
Event: 10.288 GC heap before
{Heap before GC invocations=7 (full 2):
 PSYoungGen      total 137216K, used 10746K [0x00000000e0000000, 0x00000000eeb80000, 0x0000000100000000)
  eden space 126464K, 0% used [0x00000000e0000000,0x00000000e0000000,0x00000000e7b80000)
  from space 10752K, 99% used [0x00000000e7b80000,0x00000000e85fe9b8,0x00000000e8600000)
  to   space 15360K, 0% used [0x00000000edc80000,0x00000000edc80000,0x00000000eeb80000)
 ParOldGen       total 87040K, used 13098K [0x00000000a0000000, 0x00000000a5500000, 0x00000000e0000000)
  object space 87040K, 15% used [0x00000000a0000000,0x00000000a0cca990,0x00000000a5500000)
 Metaspace       used 34534K, capacity 35274K, committed 35416K, reserved 1079296K
  class space    used 4789K, capacity 5012K, committed 5120K, reserved 1048576K
Event: 10.345 GC heap after
Heap after GC invocations=7 (full 2):
 PSYoungGen      total 137216K, used 0K [0x00000000e0000000, 0x00000000eeb80000, 0x0000000100000000)
  eden space 126464K, 0% used [0x00000000e0000000,0x00000000e0000000,0x00000000e7b80000)
  from space 10752K, 0% used [0x00000000e7b80000,0x00000000e7b80000,0x00000000e8600000)
  to   space 15360K, 0% used [0x00000000edc80000,0x00000000edc80000,0x00000000eeb80000)
 ParOldGen       total 140288K, used 21396K [0x00000000a0000000, 0x00000000a8900000, 0x00000000e0000000)
  object space 140288K, 15% used [0x00000000a0000000,0x00000000a14e50a8,0x00000000a8900000)
 Metaspace       used 34534K, capacity 35274K, committed 35416K, reserved 1079296K
  class space    used 4789K, capacity 5012K, committed 5120K, reserved 1048576K
}

Deoptimization events (10 events):
Event: 11.002 Thread 0x000000001836b000 Uncommon trap: reason=unstable_if action=reinterpret pc=0x0000000002bdaafc method=java.lang.CharacterDataLatin1.isWhitespace(I)Z @ 14
Event: 11.026 Thread 0x000000001836b000 Uncommon trap: reason=unstable_if action=reinterpret pc=0x000000000324e164 method=java.util.jar.JarFile.maybeInstantiateVerifier()V @ 4
Event: 11.031 Thread 0x000000001836b000 Uncommon trap: reason=unstable_if action=reinterpret pc=0x0000000002cafb6c method=java.security.CodeSource.getCertificates()[Ljava/security/cert/Certificate; @ 22
Event: 11.032 Thread 0x000000001836b000 Uncommon trap: reason=unstable_if action=reinterpret pc=0x00000000033b1278 method=java.security.CodeSource.matchCerts(Ljava/security/CodeSource;Z)Z @ 11
Event: 11.056 Thread 0x000000001836b000 Uncommon trap: reason=unstable_if action=reinterpret pc=0x0000000002cfd6f8 method=java.util.LinkedHashMap.get(Ljava/lang/Object;)Ljava/lang/Object; @ 20
Event: 11.096 Thread 0x000000001836b000 Uncommon trap: reason=unstable_if action=reinterpret pc=0x0000000003259e30 method=java.security.CodeSource.matchCerts(Ljava/security/CodeSource;Z)Z @ 11
Event: 11.114 Thread 0x000000001836b000 Uncommon trap: reason=range_check action=make_not_entrant pc=0x00000000032b6190 method=java.lang.String.charAt(I)C @ 27
Event: 11.238 Thread 0x000000001836b000 Uncommon trap: reason=unstable_if action=reinterpret pc=0x0000000002b60eb8 method=org.gradle.internal.logging.text.AbstractLineChoppingStyledTextOutput$2.execute(Lorg/gradle/internal/logging/text/AbstractLineChoppingStyledTextOutput$StateContext;)V @ 30
Event: 11.238 Thread 0x000000001836b000 Uncommon trap: reason=unstable_if action=reinterpret pc=0x0000000002b2ef4c method=org.gradle.internal.logging.text.AbstractLineChoppingStyledTextOutput$2.execute(Lorg/gradle/internal/logging/text/AbstractLineChoppingStyledTextOutput$StateContext;)V @ 30
Event: 11.338 Thread 0x000000001836b000 Uncommon trap: reason=unstable_if action=reinterpret pc=0x000000000321cc84 method=groovy.lang.MetaClassImpl.filterPropertyMethod(Ljava/lang/Object;ZZ)Ljava/lang/Object; @ 72

Classes redefined (0 events):
No events

Internal exceptions (10 events):
Event: 11.519 Thread 0x000000001836b000 Exception <a 'java/lang/ClassNotFoundException': build_2kzwnzgncu95r9ps246ovsphp$_run_closure1BeanInfo> (0x00000000e6c65698) thrown at [D:\src\AOSP-openjdk-cygwin\jdk8u\hotspot\src\share\vm\classfile\systemDictionary.cpp, line 210]
Event: 11.519 Thread 0x000000001836b000 Exception <a 'java/lang/ClassNotFoundException': build_2kzwnzgncu95r9ps246ovsphp$_run_closure1Customizer> (0x00000000e6c74a18) thrown at [D:\src\AOSP-openjdk-cygwin\jdk8u\hotspot\src\share\vm\classfile\systemDictionary.cpp, line 210]
Event: 11.523 Thread 0x000000001836b000 Exception <a 'java/lang/ClassNotFoundException': com/android/build/gradle/internal/dsl/ExternalNativeBuild_DecoratedBeanInfo> (0x00000000e6ce63d8) thrown at [D:\src\AOSP-openjdk-cygwin\jdk8u\hotspot\src\share\vm\classfile\systemDictionary.cpp, line 210]
Event: 11.524 Thread 0x000000001836b000 Exception <a 'java/lang/ClassNotFoundException': com/android/build/gradle/internal/dsl/ExternalNativeBuildBeanInfo> (0x00000000e6cfe4a8) thrown at [D:\src\AOSP-openjdk-cygwin\jdk8u\hotspot\src\share\vm\classfile\systemDictionary.cpp, line 210]
Event: 11.524 Thread 0x000000001836b000 Exception <a 'java/lang/ClassNotFoundException': com/android/build/gradle/internal/dsl/ExternalNativeBuildCustomizer> (0x00000000e6d172b8) thrown at [D:\src\AOSP-openjdk-cygwin\jdk8u\hotspot\src\share\vm\classfile\systemDictionary.cpp, line 210]
Event: 11.592 Thread 0x000000001836b000 Exception <a 'java/lang/ClassNotFoundException': com/android/build/gradle/internal/dsl/ExternalNativeBuild_DecoratedCustomizer> (0x00000000e6d3e9d8) thrown at [D:\src\AOSP-openjdk-cygwin\jdk8u\hotspot\src\share\vm\classfile\systemDictionary.cpp, line 210]
Event: 11.594 Thread 0x000000001836b000 Exception <a 'java/lang/ClassNotFoundException': com/android/build/gradle/internal/dsl/CmakeOptions_DecoratedBeanInfo> (0x00000000e6d8cfb8) thrown at [D:\src\AOSP-openjdk-cygwin\jdk8u\hotspot\src\share\vm\classfile\systemDictionary.cpp, line 210]
Event: 11.595 Thread 0x000000001836b000 Exception <a 'java/lang/ClassNotFoundException': com/android/build/gradle/internal/dsl/CmakeOptionsBeanInfo> (0x00000000e6da4148) thrown at [D:\src\AOSP-openjdk-cygwin\jdk8u\hotspot\src\share\vm\classfile\systemDictionary.cpp, line 210]
Event: 11.596 Thread 0x000000001836b000 Exception <a 'java/lang/ClassNotFoundException': com/android/build/gradle/internal/dsl/CmakeOptionsCustomizer> (0x00000000e6dbc010) thrown at [D:\src\AOSP-openjdk-cygwin\jdk8u\hotspot\src\share\vm\classfile\systemDictionary.cpp, line 210]
Event: 11.596 Thread 0x000000001836b000 Exception <a 'java/lang/ClassNotFoundException': com/android/build/gradle/internal/dsl/CmakeOptions_DecoratedCustomizer> (0x00000000e6de0a48) thrown at [D:\src\AOSP-openjdk-cygwin\jdk8u\hotspot\src\share\vm\classfile\systemDictionary.cpp, line 210]

Events (10 events):
Event: 11.595 loading class com/android/build/gradle/internal/dsl/CmakeOptionsBeanInfo
Event: 11.595 loading class com/android/build/gradle/internal/dsl/CmakeOptionsBeanInfo done
Event: 11.595 loading class com/android/build/gradle/internal/dsl/CmakeOptionsCustomizer
Event: 11.595 loading class com/android/build/gradle/internal/dsl/CmakeOptionsCustomizer done
Event: 11.596 loading class com/android/build/gradle/internal/dsl/CmakeOptionsCustomizer
Event: 11.596 loading class com/android/build/gradle/internal/dsl/CmakeOptionsCustomizer done
Event: 11.596 loading class com/android/build/gradle/internal/dsl/CmakeOptions_DecoratedCustomizer
Event: 11.596 loading class com/android/build/gradle/internal/dsl/CmakeOptions_DecoratedCustomizer done
Event: 11.596 loading class com/android/build/gradle/internal/dsl/CmakeOptions_DecoratedCustomizer
Event: 11.596 loading class com/android/build/gradle/internal/dsl/CmakeOptions_DecoratedCustomizer done


Dynamic libraries:
0x00007ff73e650000 - 0x00007ff73e681000 	D:\Program Files\Android\Android Studio\jre\bin\java.exe
0x00007ffb37c20000 - 0x00007ffb37e10000 	C:\WINDOWS\SYSTEM32\ntdll.dll
0x00007ffb36930000 - 0x00007ffb369e2000 	C:\WINDOWS\System32\KERNEL32.DLL
0x00007ffb35680000 - 0x00007ffb35924000 	C:\WINDOWS\System32\KERNELBASE.dll
0x00007ffb36600000 - 0x00007ffb366a3000 	C:\WINDOWS\System32\ADVAPI32.dll
0x00007ffb36a90000 - 0x00007ffb36b2e000 	C:\WINDOWS\System32\msvcrt.dll
0x00007ffb369f0000 - 0x00007ffb36a87000 	C:\WINDOWS\System32\sechost.dll
0x00007ffb35e50000 - 0x00007ffb35f70000 	C:\WINDOWS\System32\RPCRT4.dll
0x00007ffb37a00000 - 0x00007ffb37b94000 	C:\WINDOWS\System32\USER32.dll
0x00007ffb355b0000 - 0x00007ffb355d1000 	C:\WINDOWS\System32\win32u.dll
0x00007ffb379d0000 - 0x00007ffb379f6000 	C:\WINDOWS\System32\GDI32.dll
0x00007ffb35b30000 - 0x00007ffb35cc5000 	C:\WINDOWS\System32\gdi32full.dll
0x00007ffb355e0000 - 0x00007ffb3567e000 	C:\WINDOWS\System32\msvcp_win.dll
0x00007ffb34bb0000 - 0x00007ffb34caa000 	C:\WINDOWS\System32\ucrtbase.dll
0x00007ffb27050000 - 0x00007ffb272d4000 	C:\WINDOWS\WinSxS\amd64_microsoft.windows.common-controls_6595b64144ccf1df_6.0.18362.900_none_e6beb9d913147d17\COMCTL32.dll
0x00007ffb37290000 - 0x00007ffb375c5000 	C:\WINDOWS\System32\combase.dll
0x00007ffb34cb0000 - 0x00007ffb34d30000 	C:\WINDOWS\System32\bcryptPrimitives.dll
0x00007ffb37ba0000 - 0x00007ffb37bce000 	C:\WINDOWS\System32\IMM32.DLL
0x0000000064a10000 - 0x0000000064ae2000 	D:\Program Files\Android\Android Studio\jre\jre\bin\msvcr100.dll
0x0000000065c90000 - 0x00000000664d6000 	D:\Program Files\Android\Android Studio\jre\jre\bin\server\jvm.dll
0x00007ffb37910000 - 0x00007ffb37918000 	C:\WINDOWS\System32\PSAPI.DLL
0x00007ffb32a80000 - 0x00007ffb32aa4000 	C:\WINDOWS\SYSTEM32\WINMM.dll
0x00007ffb32c00000 - 0x00007ffb32c09000 	C:\WINDOWS\SYSTEM32\WSOCK32.dll
0x00007ffb35cd0000 - 0x00007ffb35d3f000 	C:\WINDOWS\System32\WS2_32.dll
0x00007ffb32600000 - 0x00007ffb3262d000 	C:\WINDOWS\SYSTEM32\WINMMBASE.dll
0x00007ffb34de0000 - 0x00007ffb34e2a000 	C:\WINDOWS\System32\cfgmgr32.dll
0x00007ffb29ec0000 - 0x00007ffb29eca000 	C:\WINDOWS\SYSTEM32\VERSION.dll
0x00007ffb313a0000 - 0x00007ffb313af000 	D:\Program Files\Android\Android Studio\jre\jre\bin\verify.dll
0x00007ffb31370000 - 0x00007ffb31399000 	D:\Program Files\Android\Android Studio\jre\jre\bin\java.dll
0x00007ffb31350000 - 0x00007ffb31366000 	D:\Program Files\Android\Android Studio\jre\jre\bin\zip.dll
0x00007ffb36ba0000 - 0x00007ffb37286000 	C:\WINDOWS\System32\SHELL32.dll
0x00007ffb37920000 - 0x00007ffb379c9000 	C:\WINDOWS\System32\shcore.dll
0x00007ffb34e30000 - 0x00007ffb355b0000 	C:\WINDOWS\System32\windows.storage.dll
0x00007ffb34b80000 - 0x00007ffb34ba3000 	C:\WINDOWS\System32\profapi.dll
0x00007ffb34af0000 - 0x00007ffb34b3a000 	C:\WINDOWS\System32\powrprof.dll
0x00007ffb34ae0000 - 0x00007ffb34af0000 	C:\WINDOWS\System32\UMPDC.dll
0x00007ffb36b40000 - 0x00007ffb36b92000 	C:\WINDOWS\System32\shlwapi.dll
0x00007ffb34b40000 - 0x00007ffb34b51000 	C:\WINDOWS\System32\kernel.appcore.dll
0x00007ffb35930000 - 0x00007ffb35947000 	C:\WINDOWS\System32\cryptsp.dll
0x00007ffb31330000 - 0x00007ffb3134a000 	D:\Program Files\Android\Android Studio\jre\jre\bin\net.dll
0x00007ffb280d0000 - 0x00007ffb282a6000 	C:\WINDOWS\SYSTEM32\urlmon.dll
0x00007ffb28400000 - 0x00007ffb286a6000 	C:\WINDOWS\SYSTEM32\iertutil.dll
0x00007ffb344c0000 - 0x00007ffb344cc000 	C:\WINDOWS\SYSTEM32\CRYPTBASE.DLL
0x00007ffb342f0000 - 0x00007ffb34357000 	C:\WINDOWS\system32\mswsock.dll
0x00007ffb30650000 - 0x00007ffb30663000 	D:\Program Files\Android\Android Studio\jre\jre\bin\nio.dll
0x00007ffb18a30000 - 0x00007ffb18a4e000 	C:\Users\Administrator\.gradle\native\25\windows-amd64\native-platform.dll
0x00007ffb30640000 - 0x00007ffb3064d000 	D:\Program Files\Android\Android Studio\jre\jre\bin\management.dll
0x00007ffb33e60000 - 0x00007ffb33e93000 	C:\WINDOWS\system32\rsaenh.dll
0x00007ffb35950000 - 0x00007ffb35976000 	C:\WINDOWS\System32\bcrypt.dll
0x00007ffb34a00000 - 0x00007ffb34a25000 	C:\WINDOWS\SYSTEM32\USERENV.dll
0x00007ffb34000000 - 0x00007ffb3403a000 	C:\WINDOWS\SYSTEM32\IPHLPAPI.DLL
0x00007ffb36b30000 - 0x00007ffb36b38000 	C:\WINDOWS\System32\NSI.dll
0x00007ffb2aa40000 - 0x00007ffb2aa56000 	C:\WINDOWS\SYSTEM32\dhcpcsvc6.DLL
0x00007ffb2aa20000 - 0x00007ffb2aa3c000 	C:\WINDOWS\SYSTEM32\dhcpcsvc.DLL
0x00007ffb34040000 - 0x00007ffb3410b000 	C:\WINDOWS\SYSTEM32\DNSAPI.dll

VM Arguments:
jvm_args: -Xmx1536m -Dfile.encoding=UTF-8 -Duser.country=CN -Duser.language=zh -Duser.variant 
java_command: org.gradle.launcher.daemon.bootstrap.GradleDaemon 4.4
java_class_path (initial): C:\Users\Administrator\.gradle\wrapper\dists\gradle-4.4-all\9br9xq1tocpiv8o6njlyu5op1\gradle-4.4\lib\gradle-launcher-4.4.jar
Launcher Type: SUN_STANDARD

Environment Variables:
JAVA_HOME=D:\Program Files\Java\jdk-12.0.1
PATH=F:\Program Files (x86)\Xshell\;C:\Program Files (x86)\Common Files\Oracle\Java\javapath;D:\\Sdk\platform-tools;D:\Program Files\Java\jdk-12.0.1\bin;C:\Program Files\VanDyke Software\Clients\;C:\WINDOWS\system32;C:\WINDOWS;C:\WINDOWS\System32\Wbem;C:\WINDOWS\System32\WindowsPowerShell\v1.0\;D:\Program Files\Git\cmd;C:\Program Files\dotnet\;C:\Program Files\Microsoft SQL Server\130\Tools\Binn\;D:\Program Files\TortoiseSVN\bin;F:\ProgramData\Anaconda3\Scripts;F:\ProgramData\Anaconda3;F:\ProgramData\Anaconda3\Library\bin;C:\WINDOWS\System32\OpenSSH\;F:\Program Files\MATLAB\R2016a\runtime\win64;F:\Program Files\MATLAB\R2016a\bin;F:\Program Files\MATLAB\R2016a\polyspace\bin;F:\Program Files (x86)\mingw-w64\i686-8.1.0-posix-dwarf-rt_v6-rev0\mingw32\bin;D:\android-ndk\android-ndk-r21;C:\Users\Administrator\AppData\Local\Microsoft\WindowsApps;;D:\Program Files\JetBrains\IntelliJ IDEA 2019.1.3\bin;;C:\Program Files\MySQL\MySQL Server 8.0\bin;F:\Program Files\JetBrains\PyCharm 2019.2.5\bin;
USERNAME=Administrator
OS=Windows_NT
PROCESSOR_IDENTIFIER=Intel64 Family 6 Model 158 Stepping 11, GenuineIntel



---------------  S Y S T E M  ---------------

OS: Windows 10.0 , 64 bit Build 18362 (10.0.18362.900)

CPU:total 4 (initial active 4) (4 cores per cpu, 1 threads per core) family 6 model 158 stepping 11, cmov, cx8, fxsr, mmx, sse, sse2, sse3, ssse3, sse4.1, sse4.2, popcnt, avx, avx2, aes, clmul, erms, 3dnowpref, lzcnt, tsc, tscinvbit, bmi1, bmi2, adx

Memory: 4k page, physical 16635320k(2806332k free), swap 32189384k(5128k free)

vm_info: OpenJDK 64-Bit Server VM (25.212-b04) for windows-amd64 JRE (1.8.0_212-release-1586-b04), built by "builder" with MS VC++ 10.0 (VS2010)

time: Fri Jul 31 09:17:23 2020
timezone: 中国标准时间
elapsed time: 11 seconds (0d 0h 0m 11s)

